
> wallet-api-tools@0.1.0 build /Users/hmorosini/ledgerhq/wallet-api/apps/wallet-api-tools
> next build

warn  - You have enabled experimental feature (appDir) in next.config.js.
warn  - Experimental features are not covered by semver, and may cause unexpected or broken application behavior. Use at your own risk.
info  - Thank you for testing `appDir` please leave your feedback at https://nextjs.link/app-feedback

info  - Creating an optimized production build...
warn  - Compiled with warnings

../../node_modules/.pnpm/ws@7.5.9/node_modules/ws/lib/buffer-util.js
Module not found: Can't resolve 'bufferutil' in '/Users/hmorosini/ledgerhq/wallet-api/node_modules/.pnpm/ws@7.5.9/node_modules/ws/lib'

Import trace for requested module:
../../node_modules/.pnpm/ws@7.5.9/node_modules/ws/lib/buffer-util.js
../../node_modules/.pnpm/ws@7.5.9/node_modules/ws/lib/websocket.js
../../node_modules/.pnpm/ws@7.5.9/node_modules/ws/index.js
../../node_modules/.pnpm/@ledgerhq+hw-transport-http@6.27.7/node_modules/@ledgerhq/hw-transport-http/lib/WebSocketTransport.js
../../node_modules/.pnpm/@ledgerhq+hw-transport-http@6.27.7/node_modules/@ledgerhq/hw-transport-http/lib/withStaticURLs.js
../../packages/simulator/lib/profiles/device/index.js
../../packages/simulator/lib/profiles/index.js
../../packages/simulator/lib/index.js
./src/Editor.tsx

../../node_modules/.pnpm/ws@7.5.9/node_modules/ws/lib/validation.js
Module not found: Can't resolve 'utf-8-validate' in '/Users/hmorosini/ledgerhq/wallet-api/node_modules/.pnpm/ws@7.5.9/node_modules/ws/lib'

Import trace for requested module:
../../node_modules/.pnpm/ws@7.5.9/node_modules/ws/lib/validation.js
../../node_modules/.pnpm/ws@7.5.9/node_modules/ws/lib/receiver.js
../../node_modules/.pnpm/ws@7.5.9/node_modules/ws/index.js
../../node_modules/.pnpm/@ledgerhq+hw-transport-http@6.27.7/node_modules/@ledgerhq/hw-transport-http/lib/WebSocketTransport.js
../../node_modules/.pnpm/@ledgerhq+hw-transport-http@6.27.7/node_modules/@ledgerhq/hw-transport-http/lib/withStaticURLs.js
../../packages/simulator/lib/profiles/device/index.js
../../packages/simulator/lib/profiles/index.js
../../packages/simulator/lib/index.js
./src/Editor.tsx

info  - Linting and checking validity of types...
Pages directory cannot be found at /Users/hmorosini/ledgerhq/wallet-api/apps/wallet-api-tools/pages or /Users/hmorosini/ledgerhq/wallet-api/apps/wallet-api-tools/src/pages. If using a custom path, please configure with the `no-html-link-for-pages` rule in your eslint config file.
error - ESLint: Error while loading rule '@typescript-eslint/no-unsafe-member-access': You have used a rule which requires parserServices to be generated. You must therefore provide a value for the "parserOptions.project" property for @typescript-eslint/parser. Occurred while linting /Users/hmorosini/ledgerhq/wallet-api/apps/wallet-api-tools/src/Editor.tsx
info  - Collecting page data...
info  - Generating static pages (0/3)
info  - Generating static pages (3/3)
info  - Finalizing page optimization...

Route (app)                                Size     First Load JS
─ ○ /                                      0 B                0 B
+ First Load JS shared by all              66.8 kB
  ├ chunks/223-4750cca2e0b0a6da.js         64.5 kB
  ├ chunks/main-app-b05cc1438eeb9494.js    203 B
  └ chunks/webpack-2b7d8735055725b2.js     2.13 kB

Route (pages)                              Size     First Load JS
─ ○ /404                                   178 B          81.7 kB
+ First Load JS shared by all              81.5 kB
  ├ chunks/main-255c8bf63ac6bf42.js        79.2 kB
  ├ chunks/pages/_app-5dcb8856f455781f.js  191 B
  └ chunks/webpack-2b7d8735055725b2.js     2.13 kB

○  (Static)  automatically rendered as static HTML (uses no initial props)

